C51 COMPILER V9.01   MAIN                                                                  11/25/2017 13:50:31 PAGE 1   


C51 COMPILER V9.01, COMPILATION OF MODULE MAIN
OBJECT MODULE PLACED IN ..\Output\main.obj
COMPILER INVOKED BY: D:\Keil_v4\C51\BIN\C51.EXE ..\User\main.c BROWSE INCDIR(..\User;..\User\timer;..\User\uart;..\Hardw
                    -are\digital_tube;..\Hardware\ds1302;..\Hardware\key_board;..\Hardware\lcd1602;..\Library\delay) DEBUG OBJECTEXTEND PRINT
                    -(..\Listing\main.lst) OBJECT(..\Output\main.obj)

line level    source

   1          #include <reg52.h>
   2          #include "delay.h"
   3          #include "timer.h"
   4          #include "uart.h"
   5          #include "config.h"
   6          
   7          
   8          
   9          
  10          int main(void)
  11          {
  12   1      
  13   1              while (1);
  14   1              
  15   1      }


MODULE INFORMATION:   STATIC OVERLAYABLE
   CODE SIZE        =      2    ----
   CONSTANT SIZE    =   ----    ----
   XDATA SIZE       =   ----    ----
   PDATA SIZE       =   ----    ----
   DATA SIZE        =   ----    ----
   IDATA SIZE       =   ----    ----
   BIT SIZE         =   ----    ----
END OF MODULE INFORMATION.


C51 COMPILATION COMPLETE.  0 WARNING(S),  0 ERROR(S)
